<?xml version="1.0" encoding="UTF-8"?>
<!-- Generated by org.testng.reporters.JUnitReportReporter -->
<testsuite hostname="Mac.lan" failures="0" tests="1" name="com.api.test.LogInAPITest" time="0.914" errors="0" timestamp="2025-10-21T21:36:32 IST" skipped="0">
  <testcase classname="com.api.test.LogInAPITest" name="loginAPITest" time="0.914"/>
</testsuite> <!-- com.api.test.LogInAPITest -->
